Assembler report for top
Sun Mar 23 16:34:07 2025
Quartus Prime Version 23.1std.1 Build 993 05/14/2024 SC Lite Edition


---------------------
; Table of Contents ;
---------------------
  1. Legal Notice
  2. Assembler Summary
  3. Assembler Settings
  4. Assembler Generated Files
  5. Assembler Device Options: top.sof
  6. Assembler Device Options: top.svf
  7. Assembler Device Options: top_pof.svf
  8. Assembler Messages



----------------
; Legal Notice ;
----------------
Copyright (C) 2024  Intel Corporation. All rights reserved.
Your use of Intel Corporation's design tools, logic functions 
and other software and tools, and any partner logic 
functions, and any output files from any of the foregoing 
(including device programming or simulation files), and any 
associated documentation or information are expressly subject 
to the terms and conditions of the Intel Program License 
Subscription Agreement, the Intel Quartus Prime License Agreement,
the Intel FPGA IP License Agreement, or other applicable license
agreement, including, without limitation, that your use is for
the sole purpose of programming logic devices manufactured by
Intel and sold by Intel or its authorized distributors.  Please
refer to the applicable agreement for further details, at
https://fpgasoftware.intel.com/eula.



+---------------------------------------------------------------+
; Assembler Summary                                             ;
+-----------------------+---------------------------------------+
; Assembler Status      ; Successful - Sun Mar 23 16:34:07 2025 ;
; Revision Name         ; top                                   ;
; Top-level Entity Name ; top                                   ;
; Family                ; MAX 10                                ;
; Device                ; 10M50DAF484C6GES                      ;
+-----------------------+---------------------------------------+


+----------------------------------+
; Assembler Settings               ;
+--------+---------+---------------+
; Option ; Setting ; Default Value ;
+--------+---------+---------------+


+--------------------------------------------------------------------------------------------+
; Assembler Generated Files                                                                  ;
+--------------------------------------------------------------------------------------------+
; File Name                                                                                  ;
+--------------------------------------------------------------------------------------------+
; /home/jonas/git/MiPro-XG-V1/src/Hardware/DE-10Lite/QuartusProject/output_files/top.sof     ;
; /home/jonas/git/MiPro-XG-V1/src/Hardware/DE-10Lite/QuartusProject/output_files/top.svf     ;
; /home/jonas/git/MiPro-XG-V1/src/Hardware/DE-10Lite/QuartusProject/output_files/top_pof.svf ;
+--------------------------------------------------------------------------------------------+


+-----------------------------------+
; Assembler Device Options: top.sof ;
+----------------+------------------+
; Option         ; Setting          ;
+----------------+------------------+
; JTAG usercode  ; 0x007EE14C       ;
; Checksum       ; 0x007EE14C       ;
+----------------+------------------+


+-----------------------------------+
; Assembler Device Options: top.svf ;
+-----------+-----------------------+
; Option    ; Setting               ;
+-----------+-----------------------+
; SVF file  ;                       ;
+-----------+-----------------------+


+---------------------------------------+
; Assembler Device Options: top_pof.svf ;
+-----------+---------------------------+
; Option    ; Setting                   ;
+-----------+---------------------------+
; SVF file  ;                           ;
+-----------+---------------------------+


+--------------------+
; Assembler Messages ;
+--------------------+
Info: *******************************************************************
Info: Running Quartus Prime Assembler
    Info: Version 23.1std.1 Build 993 05/14/2024 SC Lite Edition
    Info: Processing started: Sun Mar 23 16:34:04 2025
Info: Command: quartus_asm --read_settings_files=off --write_settings_files=off MiPro-XG-V1 -c top
Info (115031): Writing out detailed assembly data for power analysis
Info (115030): Assembler is generating device programming files
Info: Quartus Prime Assembler was successful. 0 errors, 0 warnings
    Info: Peak virtual memory: 398 megabytes
    Info: Processing ended: Sun Mar 23 16:34:07 2025
    Info: Elapsed time: 00:00:03
    Info: Total CPU time (on all processors): 00:00:03


